[0114/213849:ERROR:file_io_win.cc(163)] CreateFile C:\Program Files (x86)\settings.dat: Accès refusé. (0x5)
[0114/213849:ERROR:registration_protocol_win.cc(82)] TransactNamedPipe: Le canal de communication a été fermé. (0x6D)
[0114/213849:ERROR:file_io_win.cc(163)] CreateFile C:\Program Files (x86)\settings.dat: Accès refusé. (0x5)
[0114/215321:ERROR:file_io_win.cc(163)] CreateFile C:\Program Files (x86)\settings.dat: Accès refusé. (0x5)
[0114/215321:ERROR:registration_protocol_win.cc(82)] TransactNamedPipe: Le canal de communication a été fermé. (0x6D)
[0114/215321:ERROR:file_io_win.cc(163)] CreateFile C:\Program Files (x86)\settings.dat: Accès refusé. (0x5)
[0115/114052:ERROR:file_io_win.cc(163)] CreateFile C:\Program Files (x86)\settings.dat: Accès refusé. (0x5)
[0115/114052:ERROR:registration_protocol_win.cc(82)] TransactNamedPipe: Le canal de communication a été fermé. (0x6D)
[0115/114052:ERROR:file_io_win.cc(163)] CreateFile C:\Program Files (x86)\settings.dat: Accès refusé. (0x5)
[0115/174524:ERROR:file_io_win.cc(163)] CreateFile C:\Program Files (x86)\settings.dat: Accès refusé. (0x5)
[0115/174524:ERROR:registration_protocol_win.cc(82)] TransactNamedPipe: Le canal de communication a été fermé. (0x6D)
[0115/174524:ERROR:file_io_win.cc(163)] CreateFile C:\Program Files (x86)\settings.dat: Accès refusé. (0x5)
[0116/195112:ERROR:file_io_win.cc(163)] CreateFile C:\Program Files (x86)\settings.dat: Accès refusé. (0x5)
[0116/195112:ERROR:registration_protocol_win.cc(82)] TransactNamedPipe: Le canal de communication a été fermé. (0x6D)
[0116/195112:ERROR:file_io_win.cc(163)] CreateFile C:\Program Files (x86)\settings.dat: Accès refusé. (0x5)
[0117/191947:ERROR:file_io_win.cc(163)] CreateFile C:\Program Files (x86)\settings.dat: Accès refusé. (0x5)
[0117/191947:ERROR:registration_protocol_win.cc(82)] TransactNamedPipe: Le canal de communication a été fermé. (0x6D)
[0117/191947:ERROR:file_io_win.cc(163)] CreateFile C:\Program Files (x86)\settings.dat: Accès refusé. (0x5)
[0121/124312:ERROR:file_io_win.cc(163)] CreateFile C:\Program Files (x86)\settings.dat: Accès refusé. (0x5)
[0121/124312:ERROR:registration_protocol_win.cc(82)] TransactNamedPipe: Le canal de communication a été fermé. (0x6D)
[0121/124312:ERROR:file_io_win.cc(163)] CreateFile C:\Program Files (x86)\settings.dat: Accès refusé. (0x5)
[0123/214120:ERROR:file_io_win.cc(163)] CreateFile C:\Program Files (x86)\settings.dat: Accès refusé. (0x5)
[0123/214120:ERROR:registration_protocol_win.cc(82)] TransactNamedPipe: Le canal de communication a été fermé. (0x6D)
[0123/214120:ERROR:file_io_win.cc(163)] CreateFile C:\Program Files (x86)\settings.dat: Accès refusé. (0x5)
[0125/185219:ERROR:file_io_win.cc(163)] CreateFile C:\Program Files (x86)\settings.dat: Accès refusé. (0x5)
[0125/185219:ERROR:registration_protocol_win.cc(82)] TransactNamedPipe: Le canal de communication a été fermé. (0x6D)
[0125/185219:ERROR:file_io_win.cc(163)] CreateFile C:\Program Files (x86)\settings.dat: Accès refusé. (0x5)
[0125/185424:ERROR:file_io_win.cc(163)] CreateFile C:\Program Files (x86)\settings.dat: Accès refusé. (0x5)
[0125/185424:ERROR:registration_protocol_win.cc(82)] TransactNamedPipe: Le canal de communication a été fermé. (0x6D)
[0125/185424:ERROR:file_io_win.cc(163)] CreateFile C:\Program Files (x86)\settings.dat: Accès refusé. (0x5)
[0126/191847:ERROR:file_io_win.cc(163)] CreateFile C:\Program Files (x86)\settings.dat: Accès refusé. (0x5)
[0126/191847:ERROR:registration_protocol_win.cc(82)] TransactNamedPipe: Le canal de communication a été fermé. (0x6D)
[0126/191847:ERROR:file_io_win.cc(163)] CreateFile C:\Program Files (x86)\settings.dat: Accès refusé. (0x5)
[0207/222324.775:ERROR:crash_report_database_win.cc(563)] CreateDirectory C:\Program Files (x86)\reports: Accès refusé. (0x5)
[0207/222324.798:ERROR:registration_protocol_win.cc(84)] TransactNamedPipe: Le canal de communication a été fermé. (0x6D)
[0207/222324.799:ERROR:crash_report_database_win.cc(563)] CreateDirectory C:\Program Files (x86)\reports: Accès refusé. (0x5)
[0212/201137.543:ERROR:crash_report_database_win.cc(563)] CreateDirectory C:\Program Files (x86)\reports: Accès refusé. (0x5)
[0212/201137.565:ERROR:registration_protocol_win.cc(84)] TransactNamedPipe: Le canal de communication a été fermé. (0x6D)
[0212/201137.566:ERROR:crash_report_database_win.cc(563)] CreateDirectory C:\Program Files (x86)\reports: Accès refusé. (0x5)
[0223/190007.546:ERROR:crash_report_database_win.cc(563)] CreateDirectory C:\Program Files (x86)\reports: Accès refusé. (0x5)
[0223/190007.578:ERROR:registration_protocol_win.cc(84)] TransactNamedPipe: Le canal de communication a été fermé. (0x6D)
[0223/190007.579:ERROR:crash_report_database_win.cc(563)] CreateDirectory C:\Program Files (x86)\reports: Accès refusé. (0x5)
[0223/190007.618:ERROR:crashpad_client_win.cc(660)] crash server failed to launch, no dump captured
[0223/190015.915:ERROR:crash_report_database_win.cc(563)] CreateDirectory C:\Program Files (x86)\reports: Accès refusé. (0x5)
[0223/190015.918:ERROR:registration_protocol_win.cc(84)] TransactNamedPipe: Le canal de communication a été fermé. (0x6D)
[0223/190015.919:ERROR:crash_report_database_win.cc(563)] CreateDirectory C:\Program Files (x86)\reports: Accès refusé. (0x5)
[0223/190015.949:ERROR:crashpad_client_win.cc(660)] crash server failed to launch, no dump captured
[0223/191109.291:ERROR:crash_report_database_win.cc(563)] CreateDirectory C:\Program Files (x86)\reports: Accès refusé. (0x5)
[0223/191109.294:ERROR:registration_protocol_win.cc(84)] TransactNamedPipe: Le canal de communication a été fermé. (0x6D)
[0223/191109.295:ERROR:crash_report_database_win.cc(563)] CreateDirectory C:\Program Files (x86)\reports: Accès refusé. (0x5)
[0223/191109.540:ERROR:crashpad_client_win.cc(660)] crash server failed to launch, no dump captured
[0223/191333.336:ERROR:crash_report_database_win.cc(563)] CreateDirectory C:\Program Files (x86)\reports: Accès refusé. (0x5)
[0223/191333.339:ERROR:registration_protocol_win.cc(84)] TransactNamedPipe: Le canal de communication a été fermé. (0x6D)
[0223/191333.340:ERROR:crash_report_database_win.cc(563)] CreateDirectory C:\Program Files (x86)\reports: Accès refusé. (0x5)
[0223/191333.551:ERROR:crashpad_client_win.cc(660)] crash server failed to launch, no dump captured
